<?xml version="1.0" encoding="UTF-8"?>
<testsuite name="org.javaguru.travel.insurance.core.TravelCalculatePremiumServiceImplTest" tests="10" skipped="0" failures="0" errors="0" timestamp="2025-03-27T10:00:27" hostname="DESKTOP-U5TCM42" time="0.377">
  <properties/>
  <testcase name="shouldReturnResponseWithCorrectErrorCount()" classname="org.javaguru.travel.insurance.core.TravelCalculatePremiumServiceImplTest" time="0.191"/>
  <testcase name="shouldPopulatePersonFirstName()" classname="org.javaguru.travel.insurance.core.TravelCalculatePremiumServiceImplTest" time="0.03"/>
  <testcase name="shouldPopulateAgreementDateFrom()" classname="org.javaguru.travel.insurance.core.TravelCalculatePremiumServiceImplTest" time="0.025"/>
  <testcase name="shouldNOtBeInteractionWithDateTimeServiceWhenResponseContainsError()" classname="org.javaguru.travel.insurance.core.TravelCalculatePremiumServiceImplTest" time="0.014"/>
  <testcase name="shouldPopulateAgreementDateTo()" classname="org.javaguru.travel.insurance.core.TravelCalculatePremiumServiceImplTest" time="0.013"/>
  <testcase name="shouldPopulatePersonLastName()" classname="org.javaguru.travel.insurance.core.TravelCalculatePremiumServiceImplTest" time="0.016"/>
  <testcase name="shouldReturnResponseWithErrors()" classname="org.javaguru.travel.insurance.core.TravelCalculatePremiumServiceImplTest" time="0.009"/>
  <testcase name="shouldReturnResponseWithCorrectError()" classname="org.javaguru.travel.insurance.core.TravelCalculatePremiumServiceImplTest" time="0.009"/>
  <testcase name="allFieldsMustBeEmptyWhenResponseContainsError()" classname="org.javaguru.travel.insurance.core.TravelCalculatePremiumServiceImplTest" time="0.005"/>
  <testcase name="shouldPopulateAgreementPrice()" classname="org.javaguru.travel.insurance.core.TravelCalculatePremiumServiceImplTest" time="0.018"/>
  <system-out><![CDATA[]]></system-out>
  <system-err><![CDATA[]]></system-err>
</testsuite>
