<?xml version="1.0" encoding="UTF-8"?>
<testsuite name="org.javaguru.travel.insurance.core.TravelCalculatePremiumServiceImplAIOneTest" tests="1" skipped="0" failures="0" errors="0" timestamp="2025-03-27T10:00:09" hostname="DESKTOP-U5TCM42" time="0.01">
  <properties/>
  <testcase name="calculatePremium_shouldSetValuesCorrectly()" classname="org.javaguru.travel.insurance.core.TravelCalculatePremiumServiceImplAIOneTest" time="0.01"/>
  <system-out><![CDATA[]]></system-out>
  <system-err><![CDATA[]]></system-err>
</testsuite>
