<?xml version="1.0" encoding="UTF-8"?>
<testsuite name="org.javaguru.travel.insurance.core.TravelCalculatePremiumServiceImplAIEachFieldTest" tests="4" skipped="0" failures="0" errors="0" timestamp="2025-03-27T10:00:09" hostname="DESKTOP-U5TCM42" time="0.124">
  <properties/>
  <testcase name="calculatePremium_shouldSetPersonLastNameCorrectly()" classname="org.javaguru.travel.insurance.core.TravelCalculatePremiumServiceImplAIEachFieldTest" time="0.092"/>
  <testcase name="calculatePremium_shouldSetPersonFirstNameCorrectly()" classname="org.javaguru.travel.insurance.core.TravelCalculatePremiumServiceImplAIEachFieldTest" time="0.002"/>
  <testcase name="calculatePremium_shouldSetAgreementDateFromCorrectly()" classname="org.javaguru.travel.insurance.core.TravelCalculatePremiumServiceImplAIEachFieldTest" time="0.005"/>
  <testcase name="calculatePremium_shouldSetAgreementDateToCorrectly()" classname="org.javaguru.travel.insurance.core.TravelCalculatePremiumServiceImplAIEachFieldTest" time="0.002"/>
  <system-out><![CDATA[]]></system-out>
  <system-err><![CDATA[]]></system-err>
</testsuite>
